Migrating to CreateProjects (20120125232842)


Started GET "/projects/not-here" for 127.0.0.1 at 2012-01-28 16:08:39 -0800
Processing by ProjectsController#show as HTML
  Parameters: {"id"=>"not-here"}
Completed 500 Internal Server Error in 3ms

ActiveRecord::RecordNotFound (Couldn't find Project with id=not-here):
  app/controllers/projects_controller.rb:39:in `show'




Started GET "/favicon.ico" for 127.0.0.1 at 2012-01-28 16:08:39 -0800

ActionController::RoutingError (No route matches [GET] "/favicon.ico"):
  actionpack (3.2.0) lib/action_dispatch/middleware/debug_exceptions.rb:21:in `call'
  actionpack (3.2.0) lib/action_dispatch/middleware/show_exceptions.rb:56:in `call'
  railties (3.2.0) lib/rails/rack/logger.rb:26:in `call_app'
  railties (3.2.0) lib/rails/rack/logger.rb:16:in `call'
  actionpack (3.2.0) lib/action_dispatch/middleware/request_id.rb:22:in `call'
  rack (1.4.0) lib/rack/methodoverride.rb:21:in `call'
  rack (1.4.0) lib/rack/runtime.rb:17:in `call'
  activesupport (3.2.0) lib/active_support/cache/strategy/local_cache.rb:72:in `call'
  rack (1.4.0) lib/rack/lock.rb:15:in `call'
  rack-cache (1.1) lib/rack/cache/context.rb:132:in `forward'
  rack-cache (1.1) lib/rack/cache/context.rb:241:in `fetch'
  rack-cache (1.1) lib/rack/cache/context.rb:181:in `lookup'
  rack-cache (1.1) lib/rack/cache/context.rb:65:in `call!'
  rack-cache (1.1) lib/rack/cache/context.rb:50:in `call'
  railties (3.2.0) lib/rails/engine.rb:479:in `call'
  railties (3.2.0) lib/rails/application.rb:220:in `call'
  rack (1.4.0) lib/rack/content_length.rb:14:in `call'
  railties (3.2.0) lib/rails/rack/log_tailer.rb:14:in `call'
  rack (1.4.0) lib/rack/handler/webrick.rb:59:in `service'
  /Users/Lorenzo/.rvm/rubies/ruby-1.9.3-p0/lib/ruby/1.9.1/webrick/httpserver.rb:138:in `service'
  /Users/Lorenzo/.rvm/rubies/ruby-1.9.3-p0/lib/ruby/1.9.1/webrick/httpserver.rb:94:in `run'
  /Users/Lorenzo/.rvm/rubies/ruby-1.9.3-p0/lib/ruby/1.9.1/webrick/server.rb:191:in `block in start_thread'


